[debug] [2019-01-21T04:58:37.248Z] ----------------------------------------------------------------------
[debug] [2019-01-21T04:58:37.250Z] Command:       /Users/mopsy/.nvm/versions/node/v8.9.4/bin/node /Users/mopsy/.nvm/versions/node/v8.9.4/bin/firebase deploy
[debug] [2019-01-21T04:58:37.250Z] CLI Version:   6.2.2
[debug] [2019-01-21T04:58:37.250Z] Platform:      darwin
[debug] [2019-01-21T04:58:37.250Z] Node Version:  v8.9.4
[debug] [2019-01-21T04:58:37.250Z] Time:          Mon Jan 21 2019 13:58:37 GMT+0900 (KST)
[debug] [2019-01-21T04:58:37.250Z] ----------------------------------------------------------------------
[debug] 
[debug] [2019-01-21T04:58:37.256Z] > command requires scopes: ["email","openid","https://www.googleapis.com/auth/cloudplatformprojects.readonly","https://www.googleapis.com/auth/firebase","https://www.googleapis.com/auth/cloud-platform"]
[debug] [2019-01-21T04:58:37.256Z] > authorizing via signed-in user
[debug] [2019-01-21T04:58:37.256Z] [iam] checking project mopsiology for permissions ["firebase.projects.get","firebasehosting.sites.update"]
[debug] [2019-01-21T04:58:37.258Z] > refreshing access token with scopes: ["email","https://www.googleapis.com/auth/cloud-platform","https://www.googleapis.com/auth/cloudplatformprojects.readonly","https://www.googleapis.com/auth/firebase","openid"]
[debug] [2019-01-21T04:58:37.258Z] >>> HTTP REQUEST POST https://www.googleapis.com/oauth2/v3/token  
 <request body omitted>
[debug] [2019-01-21T04:58:37.565Z] <<< HTTP RESPONSE 200
[debug] [2019-01-21T04:58:37.576Z] >>> HTTP REQUEST POST https://cloudresourcemanager.googleapis.com/v1/projects/mopsiology:testIamPermissions  

[debug] [2019-01-21T04:58:38.572Z] <<< HTTP RESPONSE 200
[debug] [2019-01-21T04:58:38.574Z] >>> HTTP REQUEST GET https://firebase.googleapis.com/v1beta1/projects/mopsiology  
 
[debug] [2019-01-21T04:58:39.566Z] <<< HTTP RESPONSE 200
[info] 
[info] === Deploying to 'mopsiology'...
[info] 
[info] i  deploying hosting
[debug] [2019-01-21T04:58:39.570Z] >>> HTTP REQUEST POST https://firebasehosting.googleapis.com/v1beta1/sites/mopsiology/versions  

[debug] [2019-01-21T04:58:41.544Z] <<< HTTP RESPONSE 200
[info] i  hosting[mopsiology]: beginning deploy...
[info] i  hosting[mopsiology]: found 57 files in .nuxt
[debug] [2019-01-21T04:58:41.560Z] [hosting] hash cache [Lm51eHQ] not populated
[debug] [2019-01-21T04:58:41.609Z] [hosting] hash cache [Lm51eHQ] stored for 57 files
[debug] [2019-01-21T04:58:41.610Z] [hosting][hash queue][FINAL]
[debug] [2019-01-21T04:58:41.610Z] >>> HTTP REQUEST POST https://firebasehosting.googleapis.com/v1beta1/sites/mopsiology/versions/03238f38ebb94afa:populateFiles  
 <request body omitted>
[debug] [2019-01-21T04:58:43.388Z] <<< HTTP RESPONSE 200
[debug] [2019-01-21T04:58:43.402Z] [hosting][populate queue][FINAL]
[debug] [2019-01-21T04:58:43.402Z] [hosting] uploads queued: 28
[debug] [2019-01-21T04:58:47.140Z] [hosting][upload queue][FINAL]
[info] ✔  hosting[mopsiology]: file upload complete
[debug] [2019-01-21T04:58:47.141Z] [hosting] deploy completed after 5595ms
[debug] [2019-01-21T04:58:47.375Z] [
  {
    "config": {
      "public": ".nuxt",
      "ignore": [
        "firebase.json",
        "**/.*",
        "**/node_modules/**"
      ],
      "site": "mopsiology"
    },
    "site": "mopsiology",
    "version": "sites/mopsiology/versions/03238f38ebb94afa"
  }
]
[info] i  hosting[mopsiology]: finalizing version...
[debug] [2019-01-21T04:58:47.375Z] >>> HTTP REQUEST PATCH https://firebasehosting.googleapis.com/v1beta1/sites/mopsiology/versions/03238f38ebb94afa?updateMask=status  

